Determining if the pthread_create exist failed with the following output:
Change Dir: /home/pi/Desktop/camera_service3/build/CMakeFiles/CMakeTmp

Run Build Command:"/usr/bin/make" "cmTC_5de6d/fast"
/usr/bin/make -f CMakeFiles/cmTC_5de6d.dir/build.make CMakeFiles/cmTC_5de6d.dir/build
make[1]: Entering directory '/home/pi/Desktop/camera_service3/build/CMakeFiles/CMakeTmp'
Building C object CMakeFiles/cmTC_5de6d.dir/CheckSymbolExists.c.o
/usr/bin/cc     -o CMakeFiles/cmTC_5de6d.dir/CheckSymbolExists.c.o   -c /home/pi/Desktop/camera_service3/build/CMakeFiles/CMakeTmp/CheckSymbolExists.c
Linking C executable cmTC_5de6d
/usr/bin/cmake -E cmake_link_script CMakeFiles/cmTC_5de6d.dir/link.txt --verbose=1
/usr/bin/cc       CMakeFiles/cmTC_5de6d.dir/CheckSymbolExists.c.o  -o cmTC_5de6d -rdynamic 
CMakeFiles/cmTC_5de6d.dir/CheckSymbolExists.c.o: In function `main':
CheckSymbolExists.c:(.text+0x38): undefined reference to `pthread_create'
collect2: error: ld returned 1 exit status
CMakeFiles/cmTC_5de6d.dir/build.make:97: recipe for target 'cmTC_5de6d' failed
make[1]: *** [cmTC_5de6d] Error 1
make[1]: Leaving directory '/home/pi/Desktop/camera_service3/build/CMakeFiles/CMakeTmp'
Makefile:126: recipe for target 'cmTC_5de6d/fast' failed
make: *** [cmTC_5de6d/fast] Error 2

File /home/pi/Desktop/camera_service3/build/CMakeFiles/CMakeTmp/CheckSymbolExists.c:
/* */
#include <pthread.h>

int main(int argc, char** argv)
{
  (void)argv;
#ifndef pthread_create
  return ((int*)(&pthread_create))[argc];
#else
  (void)argc;
  return 0;
#endif
}

Determining if the function pthread_create exists in the pthreads failed with the following output:
Change Dir: /home/pi/Desktop/camera_service3/build/CMakeFiles/CMakeTmp

Run Build Command:"/usr/bin/make" "cmTC_0558d/fast"
/usr/bin/make -f CMakeFiles/cmTC_0558d.dir/build.make CMakeFiles/cmTC_0558d.dir/build
make[1]: Entering directory '/home/pi/Desktop/camera_service3/build/CMakeFiles/CMakeTmp'
Building C object CMakeFiles/cmTC_0558d.dir/CheckFunctionExists.c.o
/usr/bin/cc    -DCHECK_FUNCTION_EXISTS=pthread_create   -o CMakeFiles/cmTC_0558d.dir/CheckFunctionExists.c.o   -c /usr/share/cmake-3.7/Modules/CheckFunctionExists.c
Linking C executable cmTC_0558d
/usr/bin/cmake -E cmake_link_script CMakeFiles/cmTC_0558d.dir/link.txt --verbose=1
/usr/bin/cc   -DCHECK_FUNCTION_EXISTS=pthread_create    CMakeFiles/cmTC_0558d.dir/CheckFunctionExists.c.o  -o cmTC_0558d -rdynamic -lpthreads 
/usr/bin/ld: cannot find -lpthreads
collect2: error: ld returned 1 exit status
CMakeFiles/cmTC_0558d.dir/build.make:97: recipe for target 'cmTC_0558d' failed
make[1]: *** [cmTC_0558d] Error 1
make[1]: Leaving directory '/home/pi/Desktop/camera_service3/build/CMakeFiles/CMakeTmp'
Makefile:126: recipe for target 'cmTC_0558d/fast' failed
make: *** [cmTC_0558d/fast] Error 2


